Using pre-set license

 COMMAND LINE ARGUMENTS:
/Applications/Unity/Hub/Editor/2020.3.5f1/Unity.app/Contents/MacOS/Unity
-adb2
-batchMode
-noUpm
-name
AssetImportWorker0
-projectPath
/Users/yuhyejin/Desktop/게임프로그래밍/BubbleBubble
-logFile
Logs/AssetImportWorker0.log
-srvPort
50653
Successfully changed project path to: /Users/yuhyejin/Desktop/게임프로그래밍/BubbleBubble
/Users/yuhyejin/Desktop/게임프로그래밍/BubbleBubble
Using Asset Import Pipeline V2.
Refreshing native plugins compatible for Editor in 90.02 ms, found 2 plugins.
Preloading 0 native plugins for Editor in 0.00 ms.
Initialize engine version: 2020.3.5f1 (8095aa901b9b)
[Subsystems] Discovering subsystems at path /Applications/Unity/Hub/Editor/2020.3.5f1/Unity.app/Contents/Resources/UnitySubsystems
[Subsystems] Discovering subsystems at path /Users/yuhyejin/Desktop/게임프로그래밍/BubbleBubble/Assets
GfxDevice: creating device client; threaded=0
2021-05-26 16:14:41.663 Unity[3878:67034] Color LCD preferred device: Intel(R) Iris(TM) Graphics 6000 (low power)
2021-05-26 16:14:41.663 Unity[3878:67034] Metal devices available: 1
2021-05-26 16:14:41.663 Unity[3878:67034] 0: Intel(R) Iris(TM) Graphics 6000 (low power)
2021-05-26 16:14:41.664 Unity[3878:67034] Using device Intel(R) Iris(TM) Graphics 6000 (low power)
Initializing Metal device caps: Intel(R) Iris(TM) Graphics 6000
Initialize mono
Mono path[0] = '/Applications/Unity/Hub/Editor/2020.3.5f1/Unity.app/Contents/Managed'
Mono path[1] = '/Applications/Unity/Hub/Editor/2020.3.5f1/Unity.app/Contents/MonoBleedingEdge/lib/mono/unityjit'
Mono config path = '/Applications/Unity/Hub/Editor/2020.3.5f1/Unity.app/Contents/MonoBleedingEdge/etc'
Using monoOptions --debugger-agent=transport=dt_socket,embedding=1,server=y,suspend=n,address=127.0.0.1:56878
Begin MonoManager ReloadAssembly
Registering precompiled unity dll's ...
Register platform support module: /Applications/Unity/Hub/Editor/2020.3.5f1/PlaybackEngines/WebGLSupport/UnityEditor.WebGL.Extensions.dll
Register platform support module: /Applications/Unity/Hub/Editor/2020.3.5f1/Unity.app/Contents/PlaybackEngines/MacStandaloneSupport/UnityEditor.OSXStandalone.Extensions.dll
Registered in 0.008237 seconds.
Native extension for OSXStandalone target not found
Native extension for WebGL target not found
Refreshing native plugins compatible for Editor in 66.89 ms, found 2 plugins.
Preloading 0 native plugins for Editor in 0.00 ms.
Mono: successfully reloaded assembly
- Completed reload, in 13.744 seconds
Platform modules already initialized, skipping
Registering precompiled user dll's ...
Registered in 0.006060 seconds.
Begin MonoManager ReloadAssembly
Native extension for OSXStandalone target not found
Native extension for WebGL target not found
Refreshing native plugins compatible for Editor in 87.88 ms, found 2 plugins.
Preloading 0 native plugins for Editor in 0.00 ms.
Mono: successfully reloaded assembly
- Completed reload, in  4.323 seconds
Platform modules already initialized, skipping
========================================================================
Worker process is ready to serve import requests
Launching external process: /Applications/Unity/Hub/Editor/2020.3.5f1/Unity.app/Contents/Tools/UnityShaderCompiler
Launched and connected shader compiler UnityShaderCompiler after 0.06 seconds
Refreshing native plugins compatible for Editor in 0.78 ms, found 2 plugins.
Preloading 0 native plugins for Editor in 0.00 ms.
Unloading 1825 Unused Serialized files (Serialized files now loaded: 0)
System memory in use before: 153.7 MB.
System memory in use after: 153.8 MB.

Unloading 19 unused Assets to reduce memory usage. Loaded Objects now: 2272.
Total: 6.562245 ms (FindLiveObjects: 0.911377 ms CreateObjectMapping: 0.181311 ms MarkObjects: 4.583601 ms  DeleteObjects: 0.882477 ms)

========================================================================
Received Import Request.
  path: Assets/Player.cs
  artifactKey: Guid(5ee0896d50ff14417855cc899b374179) Importer(815301076,1909f56bfc062723c751e8b465ee728b)
Start importing Assets/Player.cs using Guid(5ee0896d50ff14417855cc899b374179) Importer(815301076,1909f56bfc062723c751e8b465ee728b)  -> (artifact id: '584c1e39313f2e22d2fc2f072a2aabf9') in 1.246233 seconds
  Import took 1.257754 seconds .

========================================================================
Received Prepare
Registering precompiled user dll's ...
Registered in 0.000880 seconds.
Begin MonoManager ReloadAssembly
Native extension for OSXStandalone target not found
Native extension for WebGL target not found
Refreshing native plugins compatible for Editor in 0.62 ms, found 2 plugins.
Preloading 0 native plugins for Editor in 0.00 ms.
Mono: successfully reloaded assembly
- Completed reload, in  1.939 seconds
Platform modules already initialized, skipping
Refreshing native plugins compatible for Editor in 0.41 ms, found 2 plugins.
Preloading 0 native plugins for Editor in 0.00 ms.
Unloading 1815 Unused Serialized files (Serialized files now loaded: 0)
System memory in use before: 158.1 MB.
System memory in use after: 158.2 MB.

Unloading 7 unused Assets to reduce memory usage. Loaded Objects now: 2276.
Total: 2.873988 ms (FindLiveObjects: 0.280712 ms CreateObjectMapping: 0.076473 ms MarkObjects: 2.491095 ms  DeleteObjects: 0.022372 ms)

========================================================================
Received Prepare
Registering precompiled user dll's ...
Registered in 0.003353 seconds.
Begin MonoManager ReloadAssembly
Native extension for OSXStandalone target not found
Native extension for WebGL target not found
Refreshing native plugins compatible for Editor in 0.40 ms, found 2 plugins.
Preloading 0 native plugins for Editor in 0.00 ms.
Mono: successfully reloaded assembly
- Completed reload, in  2.660 seconds
Platform modules already initialized, skipping
Refreshing native plugins compatible for Editor in 0.45 ms, found 2 plugins.
Preloading 0 native plugins for Editor in 0.00 ms.
Unloading 1815 Unused Serialized files (Serialized files now loaded: 0)
System memory in use before: 158.4 MB.
System memory in use after: 158.5 MB.

Unloading 7 unused Assets to reduce memory usage. Loaded Objects now: 2280.
Total: 5.335488 ms (FindLiveObjects: 0.690163 ms CreateObjectMapping: 0.322045 ms MarkObjects: 4.293634 ms  DeleteObjects: 0.026929 ms)

========================================================================
Received Prepare
Registering precompiled user dll's ...
Registered in 0.001254 seconds.
Begin MonoManager ReloadAssembly
Native extension for OSXStandalone target not found
Native extension for WebGL target not found
Refreshing native plugins compatible for Editor in 0.80 ms, found 2 plugins.
Preloading 0 native plugins for Editor in 0.00 ms.
Mono: successfully reloaded assembly
- Completed reload, in  1.773 seconds
Platform modules already initialized, skipping
Refreshing native plugins compatible for Editor in 0.54 ms, found 2 plugins.
Preloading 0 native plugins for Editor in 0.00 ms.
Unloading 1815 Unused Serialized files (Serialized files now loaded: 0)
System memory in use before: 158.6 MB.
System memory in use after: 158.7 MB.

Unloading 7 unused Assets to reduce memory usage. Loaded Objects now: 2284.
Total: 3.396135 ms (FindLiveObjects: 0.415502 ms CreateObjectMapping: 0.115324 ms MarkObjects: 2.836696 ms  DeleteObjects: 0.025914 ms)

========================================================================
Received Import Request.
  Time since last request: 732.469145 seconds.
  path: Assets/Prefab/Square.prefab
  artifactKey: Guid(b7b7928d08da542fa871f406ee054ddc) Importer(815301076,1909f56bfc062723c751e8b465ee728b)
Start importing Assets/Prefab/Square.prefab using Guid(b7b7928d08da542fa871f406ee054ddc) Importer(815301076,1909f56bfc062723c751e8b465ee728b)  -> (artifact id: 'd6885a6712bc73b81cc3c1ead4379259') in 1.543093 seconds
  Import took 1.548652 seconds .

========================================================================
Received Import Request.
  Time since last request: 3.766465 seconds.
  path: Assets/Prefab/Bubble.prefab
  artifactKey: Guid(43ec18b4e86eb41ab8b1d154c0f87705) Importer(815301076,1909f56bfc062723c751e8b465ee728b)
Start importing Assets/Prefab/Bubble.prefab using Guid(43ec18b4e86eb41ab8b1d154c0f87705) Importer(815301076,1909f56bfc062723c751e8b465ee728b)  -> (artifact id: '9299c2f76f29df70080812473da0450b') in 0.043840 seconds
  Import took 0.055346 seconds .

========================================================================
Received Import Request.
  Time since last request: 0.000480 seconds.
  path: Assets/Prefab/Monster.prefab
  artifactKey: Guid(2c4edc3149753446ca1fe5860c1f5df6) Importer(815301076,1909f56bfc062723c751e8b465ee728b)
Start importing Assets/Prefab/Monster.prefab using Guid(2c4edc3149753446ca1fe5860c1f5df6) Importer(815301076,1909f56bfc062723c751e8b465ee728b)  -> (artifact id: '09cb1e51ced5c162e3d229ef680a4d06') in 0.030830 seconds
  Import took 0.042371 seconds .

========================================================================
Received Import Request.
  Time since last request: 0.000401 seconds.
  path: Assets/Prefab/Bubble_2D.physicsMaterial2D
  artifactKey: Guid(c27e234ad9f874dfd8bb3d77848000bd) Importer(815301076,1909f56bfc062723c751e8b465ee728b)
Start importing Assets/Prefab/Bubble_2D.physicsMaterial2D using Guid(c27e234ad9f874dfd8bb3d77848000bd) Importer(815301076,1909f56bfc062723c751e8b465ee728b)  -> (artifact id: '5b1970206817d61011f4b247cfab596f') in 0.888756 seconds
  Import took 0.896385 seconds .

========================================================================
Received Import Request.
  Time since last request: 0.000516 seconds.
  path: Assets/Prefab/Player.prefab
  artifactKey: Guid(e0171aa3ae3d24650bb4104ed864be77) Importer(815301076,1909f56bfc062723c751e8b465ee728b)
Start importing Assets/Prefab/Player.prefab using Guid(e0171aa3ae3d24650bb4104ed864be77) Importer(815301076,1909f56bfc062723c751e8b465ee728b)  -> (artifact id: 'b221ed51eb29c661a37b2486a2e9b77f') in 0.045249 seconds
  Import took 0.058958 seconds .

========================================================================
Received Import Request.
  Time since last request: 0.000415 seconds.
  path: Assets/Prefab/Bubble_2D.physicsMaterial2D
  artifactKey: Guid(c27e234ad9f874dfd8bb3d77848000bd) Importer(815301076,1909f56bfc062723c751e8b465ee728b)
Start importing Assets/Prefab/Bubble_2D.physicsMaterial2D using Guid(c27e234ad9f874dfd8bb3d77848000bd) Importer(815301076,1909f56bfc062723c751e8b465ee728b)  -> (artifact id: '5b1970206817d61011f4b247cfab596f') in 0.005981 seconds
  Import took 0.015037 seconds .

========================================================================
Received Prepare
Registering precompiled user dll's ...
Registered in 0.002542 seconds.
Begin MonoManager ReloadAssembly
Native extension for OSXStandalone target not found
Native extension for WebGL target not found
Refreshing native plugins compatible for Editor in 0.57 ms, found 2 plugins.
Preloading 0 native plugins for Editor in 0.00 ms.
Mono: successfully reloaded assembly
- Completed reload, in  1.962 seconds
Platform modules already initialized, skipping
Refreshing native plugins compatible for Editor in 0.80 ms, found 2 plugins.
Preloading 0 native plugins for Editor in 0.00 ms.
Unloading 1815 Unused Serialized files (Serialized files now loaded: 0)
System memory in use before: 170.7 MB.
System memory in use after: 170.8 MB.

Unloading 7 unused Assets to reduce memory usage. Loaded Objects now: 2295.
Total: 5.183165 ms (FindLiveObjects: 0.739440 ms CreateObjectMapping: 0.287557 ms MarkObjects: 4.116419 ms  DeleteObjects: 0.035128 ms)

========================================================================
Received Import Request.
  Time since last request: 87.112006 seconds.
  path: Assets/Prefab/TurnTirgger.prefab
  artifactKey: Guid(1e16e5dc4afb24a6aad021ef0f28a6e2) Importer(815301076,1909f56bfc062723c751e8b465ee728b)
Start importing Assets/Prefab/TurnTirgger.prefab using Guid(1e16e5dc4afb24a6aad021ef0f28a6e2) Importer(815301076,1909f56bfc062723c751e8b465ee728b)  -> (artifact id: 'c308013765b91b207506e1a43acf9f0b') in 0.214113 seconds
  Import took 0.223752 seconds .

========================================================================
Received Prepare
Registering precompiled user dll's ...
Registered in 0.002474 seconds.
Begin MonoManager ReloadAssembly
Native extension for OSXStandalone target not found
Native extension for WebGL target not found
Refreshing native plugins compatible for Editor in 0.84 ms, found 2 plugins.
Preloading 0 native plugins for Editor in 0.00 ms.
Mono: successfully reloaded assembly
- Completed reload, in  1.964 seconds
Platform modules already initialized, skipping
Refreshing native plugins compatible for Editor in 0.59 ms, found 2 plugins.
Preloading 0 native plugins for Editor in 0.00 ms.
Unloading 1815 Unused Serialized files (Serialized files now loaded: 0)
System memory in use before: 171.0 MB.
System memory in use after: 171.1 MB.

Unloading 7 unused Assets to reduce memory usage. Loaded Objects now: 2300.
Total: 3.278534 ms (FindLiveObjects: 0.296648 ms CreateObjectMapping: 0.112928 ms MarkObjects: 2.842010 ms  DeleteObjects: 0.024803 ms)

========================================================================
Received Prepare
Registering precompiled user dll's ...
Registered in 0.002351 seconds.
Begin MonoManager ReloadAssembly
Native extension for OSXStandalone target not found
Native extension for WebGL target not found
Refreshing native plugins compatible for Editor in 0.44 ms, found 2 plugins.
Preloading 0 native plugins for Editor in 0.00 ms.
Mono: successfully reloaded assembly
- Completed reload, in  2.229 seconds
Platform modules already initialized, skipping
Refreshing native plugins compatible for Editor in 1.09 ms, found 2 plugins.
Preloading 0 native plugins for Editor in 0.00 ms.
Unloading 1815 Unused Serialized files (Serialized files now loaded: 0)
System memory in use before: 171.2 MB.
System memory in use after: 171.3 MB.

Unloading 7 unused Assets to reduce memory usage. Loaded Objects now: 2304.
Total: 6.029770 ms (FindLiveObjects: 0.915593 ms CreateObjectMapping: 0.501015 ms MarkObjects: 4.577837 ms  DeleteObjects: 0.031320 ms)

========================================================================
Received Import Request.
  Time since last request: 55.149994 seconds.
  path: Assets/Prefab/Bubble.anim
  artifactKey: Guid(b7b5f84fd780245518ead4381972a56e) Importer(815301076,1909f56bfc062723c751e8b465ee728b)
Start importing Assets/Prefab/Bubble.anim using Guid(b7b5f84fd780245518ead4381972a56e) Importer(815301076,1909f56bfc062723c751e8b465ee728b)  -> (artifact id: '71b03572eea901b1f78ef4ccf0fb2def') in 0.382525 seconds
  Import took 0.390966 seconds .

========================================================================
Received Prepare
Registering precompiled user dll's ...
Registered in 0.002391 seconds.
Begin MonoManager ReloadAssembly
Native extension for OSXStandalone target not found
Native extension for WebGL target not found
Refreshing native plugins compatible for Editor in 0.69 ms, found 2 plugins.
Preloading 0 native plugins for Editor in 0.00 ms.
Mono: successfully reloaded assembly
- Completed reload, in  2.545 seconds
Platform modules already initialized, skipping
Refreshing native plugins compatible for Editor in 0.96 ms, found 2 plugins.
Preloading 0 native plugins for Editor in 0.00 ms.
Unloading 1815 Unused Serialized files (Serialized files now loaded: 0)
System memory in use before: 175.6 MB.
System memory in use after: 175.7 MB.

Unloading 7 unused Assets to reduce memory usage. Loaded Objects now: 2308.
Total: 3.896461 ms (FindLiveObjects: 0.625800 ms CreateObjectMapping: 0.198125 ms MarkObjects: 3.049650 ms  DeleteObjects: 0.020609 ms)

========================================================================
Received Import Request.
  Time since last request: 2539.828715 seconds.
  path: ProjectSettings/TagManager.asset
  artifactKey: Guid(00000000000000003000000000000000) Importer(815301076,1909f56bfc062723c751e8b465ee728b)
Start importing ProjectSettings/TagManager.asset using Guid(00000000000000003000000000000000) Importer(815301076,1909f56bfc062723c751e8b465ee728b)  -> (artifact id: '7156d1b8694a31152a0c6fd3ad56576e') in 0.455707 seconds
  Import took 0.464401 seconds .

========================================================================
Received Import Request.
  Time since last request: 0.005680 seconds.
  path: ProjectSettings/TagManager.asset
  artifactKey: Guid(00000000000000003000000000000000) Importer(815301076,1909f56bfc062723c751e8b465ee728b)
Start importing ProjectSettings/TagManager.asset using Guid(00000000000000003000000000000000) Importer(815301076,1909f56bfc062723c751e8b465ee728b)  -> (artifact id: '7156d1b8694a31152a0c6fd3ad56576e') in 0.004539 seconds
  Import took 0.010214 seconds .

========================================================================
Received Prepare
Registering precompiled user dll's ...
Registered in 0.003814 seconds.
Begin MonoManager ReloadAssembly
Native extension for OSXStandalone target not found
Native extension for WebGL target not found
Refreshing native plugins compatible for Editor in 1.33 ms, found 2 plugins.
Preloading 0 native plugins for Editor in 0.00 ms.
Mono: successfully reloaded assembly
- Completed reload, in  2.345 seconds
Platform modules already initialized, skipping
Refreshing native plugins compatible for Editor in 0.58 ms, found 2 plugins.
Preloading 0 native plugins for Editor in 0.00 ms.
Unloading 1815 Unused Serialized files (Serialized files now loaded: 0)
System memory in use before: 180.0 MB.
System memory in use after: 180.1 MB.

Unloading 9 unused Assets to reduce memory usage. Loaded Objects now: 2312.
Total: 5.346375 ms (FindLiveObjects: 0.455976 ms CreateObjectMapping: 0.142189 ms MarkObjects: 4.706829 ms  DeleteObjects: 0.038280 ms)

========================================================================
Received Import Request.
  Time since last request: 208.185007 seconds.
  path: Assets/Prefab/Player.prefab
  artifactKey: Guid(e0171aa3ae3d24650bb4104ed864be77) Importer(815301076,1909f56bfc062723c751e8b465ee728b)
Start importing Assets/Prefab/Player.prefab using Guid(e0171aa3ae3d24650bb4104ed864be77) Importer(815301076,1909f56bfc062723c751e8b465ee728b)  -> (artifact id: '5d015c26f33bc09e6c46ab6d2c49d4a8') in 0.160025 seconds
  Import took 0.169677 seconds .

========================================================================
Received Prepare
Registering precompiled user dll's ...
Registered in 0.002218 seconds.
Begin MonoManager ReloadAssembly
Native extension for OSXStandalone target not found
Native extension for WebGL target not found
Refreshing native plugins compatible for Editor in 0.49 ms, found 2 plugins.
Preloading 0 native plugins for Editor in 0.00 ms.
Mono: successfully reloaded assembly
- Completed reload, in  2.093 seconds
Platform modules already initialized, skipping
Refreshing native plugins compatible for Editor in 0.61 ms, found 2 plugins.
Preloading 0 native plugins for Editor in 0.00 ms.
Unloading 1815 Unused Serialized files (Serialized files now loaded: 0)
System memory in use before: 180.2 MB.
System memory in use after: 180.3 MB.

Unloading 7 unused Assets to reduce memory usage. Loaded Objects now: 2317.
Total: 5.547589 ms (FindLiveObjects: 0.424474 ms CreateObjectMapping: 0.340368 ms MarkObjects: 4.743428 ms  DeleteObjects: 0.036877 ms)

========================================================================
Received Import Request.
  Time since last request: 312.998875 seconds.
  path: Assets/Prefab/Player.prefab
  artifactKey: Guid(e0171aa3ae3d24650bb4104ed864be77) Importer(815301076,1909f56bfc062723c751e8b465ee728b)
Start importing Assets/Prefab/Player.prefab using Guid(e0171aa3ae3d24650bb4104ed864be77) Importer(815301076,1909f56bfc062723c751e8b465ee728b)  -> (artifact id: '51189445ef5528abac75a0adb9fe1aeb') in 0.136933 seconds
  Import took 0.146867 seconds .

========================================================================
Received Prepare
Registering precompiled user dll's ...
Registered in 0.002374 seconds.
Begin MonoManager ReloadAssembly
Native extension for OSXStandalone target not found
Native extension for WebGL target not found
Refreshing native plugins compatible for Editor in 0.56 ms, found 2 plugins.
Preloading 0 native plugins for Editor in 0.00 ms.
Mono: successfully reloaded assembly
- Completed reload, in  2.201 seconds
Platform modules already initialized, skipping
Refreshing native plugins compatible for Editor in 0.42 ms, found 2 plugins.
Preloading 0 native plugins for Editor in 0.00 ms.
Unloading 1815 Unused Serialized files (Serialized files now loaded: 0)
System memory in use before: 180.4 MB.
System memory in use after: 180.6 MB.

Unloading 7 unused Assets to reduce memory usage. Loaded Objects now: 2322.
Total: 4.200435 ms (FindLiveObjects: 0.297192 ms CreateObjectMapping: 0.112286 ms MarkObjects: 3.762361 ms  DeleteObjects: 0.026050 ms)

========================================================================
Received Prepare
Registering precompiled user dll's ...
Registered in 0.003304 seconds.
Begin MonoManager ReloadAssembly
Native extension for OSXStandalone target not found
Native extension for WebGL target not found
Refreshing native plugins compatible for Editor in 1.13 ms, found 2 plugins.
Preloading 0 native plugins for Editor in 0.00 ms.
Mono: successfully reloaded assembly
- Completed reload, in  4.759 seconds
Platform modules already initialized, skipping
Refreshing native plugins compatible for Editor in 0.97 ms, found 2 plugins.
Preloading 0 native plugins for Editor in 0.00 ms.
Unloading 1815 Unused Serialized files (Serialized files now loaded: 0)
System memory in use before: 180.8 MB.
System memory in use after: 180.9 MB.

Unloading 7 unused Assets to reduce memory usage. Loaded Objects now: 2326.
Total: 5.611152 ms (FindLiveObjects: 0.453927 ms CreateObjectMapping: 0.145849 ms MarkObjects: 4.923363 ms  DeleteObjects: 0.084035 ms)

